<?xml version="1.0" encoding="UTF-8"?>
<!-- Generated by org.testng.reporters.JUnitReportReporter -->
<testsuite hostname="IN-6M77XM3" failures="0" tests="1" name="com.bddframeowrk.pathconfiguration.Path" time="0.011" errors="0" timestamp="2024-05-14T15:55:56 IST" skipped="0">
  <testcase classname="com.bddframeowrk.pathconfiguration.Path" name="test" time="0.011"/>
  <system-out/>
</testsuite> <!-- com.bddframeowrk.pathconfiguration.Path -->
